<?xml version="1.0" encoding="UTF-8"?>
<!-- Generated by org.testng.reporters.JUnitReportReporter -->
<testsuite skipped="0" hostname="Bharath-Bhat" name="com.selenium.testcases.LoginPageTest" tests="1" failures="0" timestamp="11 Aug 2018 08:41:46 GMT" time="13.553" errors="0">
  <testcase name="loginPageTestMethod" time="13.553" classname="com.selenium.testcases.LoginPageTest"/>
</testsuite> <!-- com.selenium.testcases.LoginPageTest -->
