<?xml version="1.0" encoding="UTF-8"?>
<!-- Generated by org.testng.reporters.JUnitReportReporter -->
<testsuite skipped="0" hostname="Bharath-Bhat" name="com.selenium.testcases.RegisterPageTest" tests="2" failures="0" timestamp="11 Aug 2018 12:06:36 GMT" time="25.845" errors="0">
  <testcase name="registerPageTestMethod" time="12.573" classname="com.selenium.testcases.RegisterPageTest"/>
  <testcase name="registerPageTestMethod" time="13.272" classname="com.selenium.testcases.RegisterPageTest"/>
</testsuite> <!-- com.selenium.testcases.RegisterPageTest -->
